<?xml version="1.0" encoding="UTF-8"?>
<!-- Generated by org.testng.reporters.JUnitReportReporter -->
<testsuite hostname="DESKTOP-2JU2A1F" failures="0" tests="16" name="KION.StoreFronSmoke" time="1090.326" errors="0" timestamp="2023-08-27T09:45:51 IST" skipped="13">
  <testcase classname="KION.StoreFronSmoke" name="login" time="48.894"/>
  <system-out/>
  <testcase classname="KION.StoreFronSmoke" name="TruckTransfer" time="0.003"/>
  <system-out/>
  <testcase classname="KION.StoreFronSmoke" name="WarrantyManagement" time="1041.429"/>
  <system-out/>
  <testcase classname="KION.StoreFronSmoke" name="Saved_StockOrder">
    <skipped/>
  </testcase> <!-- Saved_StockOrder -->
  <system-out/>
  <testcase classname="KION.StoreFronSmoke" name="Returns">
    <skipped/>
  </testcase> <!-- Returns -->
  <system-out/>
  <testcase classname="KION.StoreFronSmoke" name="InstallationReport">
    <skipped/>
  </testcase> <!-- InstallationReport -->
  <system-out/>
  <testcase classname="KION.StoreFronSmoke" name="CLP_PLP">
    <skipped/>
  </testcase> <!-- CLP_PLP -->
  <system-out/>
  <testcase classname="KION.StoreFronSmoke" name="OrderTemplate">
    <skipped/>
  </testcase> <!-- OrderTemplate -->
  <system-out/>
  <testcase classname="KION.StoreFronSmoke" name="EmergencyOrder">
    <skipped/>
  </testcase> <!-- EmergencyOrder -->
  <system-out/>
  <testcase classname="KION.StoreFronSmoke" name="Compare">
    <skipped/>
  </testcase> <!-- Compare -->
  <system-out/>
  <testcase classname="KION.StoreFronSmoke" name="Saved_EmergencyOrder">
    <skipped/>
  </testcase> <!-- Saved_EmergencyOrder -->
  <system-out/>
  <testcase classname="KION.StoreFronSmoke" name="Search">
    <skipped/>
  </testcase> <!-- Search -->
  <system-out/>
  <testcase classname="KION.StoreFronSmoke" name="TruckSales">
    <skipped/>
  </testcase> <!-- TruckSales -->
  <system-out/>
  <testcase classname="KION.StoreFronSmoke" name="PDP">
    <skipped/>
  </testcase> <!-- PDP -->
  <system-out/>
  <testcase classname="KION.StoreFronSmoke" name="TruckSearch">
    <skipped/>
  </testcase> <!-- TruckSearch -->
  <system-out/>
  <testcase classname="KION.StoreFronSmoke" name="StockOrder">
    <skipped/>
  </testcase> <!-- StockOrder -->
  <system-out/>
</testsuite> <!-- KION.StoreFronSmoke -->
