<?xml version="1.0" encoding="UTF-8"?>
<!-- Generated by org.testng.reporters.JUnitReportReporter -->
<testsuite hostname="DESKTOP-2JU2A1F" failures="0" tests="13" name="KION.StoreFronSmoke" time="187.287" errors="0" timestamp="2023-08-24T02:19:17 IST" skipped="11">
  <testcase classname="KION.StoreFronSmoke" name="login" time="39.332"/>
  <system-out/>
  <testcase classname="KION.StoreFronSmoke" name="TruckSales" time="147.955"/>
  <system-out/>
  <testcase classname="KION.StoreFronSmoke" name="EmergencyOrder">
    <skipped/>
  </testcase> <!-- EmergencyOrder -->
  <system-out/>
  <testcase classname="KION.StoreFronSmoke" name="Search">
    <skipped/>
  </testcase> <!-- Search -->
  <system-out/>
  <testcase classname="KION.StoreFronSmoke" name="Returns">
    <skipped/>
  </testcase> <!-- Returns -->
  <system-out/>
  <testcase classname="KION.StoreFronSmoke" name="Compare">
    <skipped/>
  </testcase> <!-- Compare -->
  <system-out/>
  <testcase classname="KION.StoreFronSmoke" name="StockOrder">
    <skipped/>
  </testcase> <!-- StockOrder -->
  <system-out/>
  <testcase classname="KION.StoreFronSmoke" name="CLP_PLP">
    <skipped/>
  </testcase> <!-- CLP_PLP -->
  <system-out/>
  <testcase classname="KION.StoreFronSmoke" name="Saved_EmergencyOrder">
    <skipped/>
  </testcase> <!-- Saved_EmergencyOrder -->
  <system-out/>
  <testcase classname="KION.StoreFronSmoke" name="ICM">
    <skipped/>
  </testcase> <!-- ICM -->
  <system-out/>
  <testcase classname="KION.StoreFronSmoke" name="OrderTemplate">
    <skipped/>
  </testcase> <!-- OrderTemplate -->
  <system-out/>
  <testcase classname="KION.StoreFronSmoke" name="Saved_StockOrder">
    <skipped/>
  </testcase> <!-- Saved_StockOrder -->
  <system-out/>
  <testcase classname="KION.StoreFronSmoke" name="PDP">
    <skipped/>
  </testcase> <!-- PDP -->
  <system-out/>
</testsuite> <!-- KION.StoreFronSmoke -->
