<?xml version="1.0" encoding="UTF-8"?>
<!-- Generated by org.testng.reporters.JUnitReportReporter -->
<testsuite hostname="DESKTOP-2JU2A1F" failures="0" tests="8" name="KION.ICM_Login" time="0.023" errors="0" timestamp="2023-08-23T13:32:20 IST" skipped="0">
  <testcase classname="KION.ICM_Login" name="productDetails" time="0.002"/>
  <system-out/>
  <testcase classname="KION.ICM_Login" name="prudctGlobalsearch" time="0.001"/>
  <system-out/>
  <testcase classname="KION.ICM_Login" name="Specificprudctlsearch" time="0.003"/>
  <system-out/>
  <testcase classname="KION.ICM_Login" name="cutomerGlobalsearch" time="0.004"/>
  <system-out/>
  <testcase classname="KION.ICM_Login" name="prudctAdvancedsearch" time="0.002"/>
  <system-out/>
  <testcase classname="KION.ICM_Login" name="SpecificCustomerSearch" time="0.007"/>
  <system-out/>
  <testcase classname="KION.ICM_Login" name="UserAdvancedsearch" time="0.002"/>
  <system-out/>
  <testcase classname="KION.ICM_Login" name="customerDetails" time="0.002"/>
  <system-out/>
</testsuite> <!-- KION.ICM_Login -->
